<?xml version="1.0" encoding="UTF-8"?>
<testng-results ignored="0" total="1" passed="1" failed="0" skipped="0">
  <reporter-output>
    <line>
      <![CDATA[database Connected Successfully]]>
    </line>
    <line>
      <![CDATA[browser launched]]>
    </line>
    <line>
      <![CDATA[logged in successfully]]>
    </line>
    <line>
      <![CDATA[logout successfully]]>
    </line>
    <line>
      <![CDATA[browser closed]]>
    </line>
    <line>
      <![CDATA[database disConnected Successfully]]>
    </line>
  </reporter-output>
  <suite started-at="2023-03-30T20:06:40 IST" name="Default suite" finished-at="2023-03-30T20:07:34 IST" duration-ms="54560">
    <groups>
    </groups>
    <test started-at="2023-03-30T20:06:40 IST" name="Default test" finished-at="2023-03-30T20:07:34 IST" duration-ms="54560">
      <class name="com.Actitime.Testscripts.TaskTest">
        <test-method is-config="true" signature="databaseconnection()[pri:0, instance:com.Actitime.Testscripts.TaskTest@5119fb47]" started-at="2023-03-30T20:06:40 IST" name="databaseconnection" finished-at="2023-03-30T20:06:40 IST" duration-ms="7" status="PASS">
          <reporter-output>
            <line>
              <![CDATA[database Connected Successfully]]>
            </line>
          </reporter-output>
        </test-method> <!-- databaseconnection -->
        <test-method is-config="true" signature="lauchBrowser()[pri:0, instance:com.Actitime.Testscripts.TaskTest@5119fb47]" started-at="2023-03-30T20:06:40 IST" name="lauchBrowser" finished-at="2023-03-30T20:07:17 IST" duration-ms="37866" status="PASS">
          <reporter-output>
            <line>
              <![CDATA[browser launched]]>
            </line>
          </reporter-output>
        </test-method> <!-- lauchBrowser -->
        <test-method is-config="true" signature="login()[pri:0, instance:com.Actitime.Testscripts.TaskTest@5119fb47]" started-at="2023-03-30T20:07:17 IST" name="login" finished-at="2023-03-30T20:07:18 IST" duration-ms="203" status="PASS">
          <reporter-output>
            <line>
              <![CDATA[logged in successfully]]>
            </line>
          </reporter-output>
        </test-method> <!-- login -->
        <test-method signature="createCustomer()[pri:0, instance:com.Actitime.Testscripts.TaskTest@5119fb47]" started-at="2023-03-30T20:07:18 IST" name="createCustomer" finished-at="2023-03-30T20:07:31 IST" duration-ms="12865" status="PASS">
          <reporter-output>
          </reporter-output>
        </test-method> <!-- createCustomer -->
        <test-method is-config="true" signature="logout()[pri:0, instance:com.Actitime.Testscripts.TaskTest@5119fb47]" started-at="2023-03-30T20:07:31 IST" name="logout" finished-at="2023-03-30T20:07:34 IST" duration-ms="3418" status="PASS">
          <reporter-output>
            <line>
              <![CDATA[logout successfully]]>
            </line>
          </reporter-output>
        </test-method> <!-- logout -->
        <test-method is-config="true" signature="closeBrowser()[pri:0, instance:com.Actitime.Testscripts.TaskTest@5119fb47]" started-at="2023-03-30T20:07:34 IST" name="closeBrowser" finished-at="2023-03-30T20:07:34 IST" duration-ms="179" status="PASS">
          <reporter-output>
            <line>
              <![CDATA[browser closed]]>
            </line>
          </reporter-output>
        </test-method> <!-- closeBrowser -->
        <test-method is-config="true" signature="dtabasedisconnected()[pri:0, instance:com.Actitime.Testscripts.TaskTest@5119fb47]" started-at="2023-03-30T20:07:34 IST" name="dtabasedisconnected" finished-at="2023-03-30T20:07:34 IST" duration-ms="0" status="PASS">
          <reporter-output>
            <line>
              <![CDATA[database disConnected Successfully]]>
            </line>
          </reporter-output>
        </test-method> <!-- dtabasedisconnected -->
      </class> <!-- com.Actitime.Testscripts.TaskTest -->
    </test> <!-- Default test -->
  </suite> <!-- Default suite -->
</testng-results>
